<?xml version="1.0" encoding="utf-8"?>
<test-run id="2" testcasecount="75" result="Passed" total="75" passed="75" failed="0" inconclusive="0" skipped="0" asserts="0" engine-version="3.5.0.0" clr-version="4.0.30319.42000" start-time="2026-02-10 13:58:54Z" end-time="2026-02-10 13:58:54Z" duration="0.0843534">
  <test-suite type="TestSuite" id="1090" name="LoveAlgo-unity" fullname="LoveAlgo-unity" runstate="Runnable" testcasecount="75" result="Passed" start-time="2026-02-10 13:58:54Z" end-time="2026-02-10 13:58:54Z" duration="0.084353" total="75" passed="75" failed="0" inconclusive="0" skipped="0" asserts="0">
    <properties>
      <property name="platform" value="EditMode" />
    </properties>
    <test-suite type="Assembly" id="1081" name="Assembly-CSharp-Editor.dll" fullname="C:/Users/podola/repos/LoveAlgorithm/LoveAlgorithm/LoveAlgo-unity/Library/ScriptAssemblies/Assembly-CSharp-Editor.dll" runstate="Runnable" testcasecount="75" result="Passed" start-time="2026-02-10 13:58:54Z" end-time="2026-02-10 13:58:54Z" duration="0.079281" total="75" passed="75" failed="0" inconclusive="0" skipped="0" asserts="0">
      <properties>
        <property name="_PID" value="48080" />
        <property name="_APPDOMAIN" value="Unity Child Domain" />
        <property name="platform" value="EditMode" />
        <property name="EditorOnly" value="True" />
      </properties>
      <test-suite type="TestSuite" id="1082" name="LoveAlgo" fullname="LoveAlgo" runstate="Runnable" testcasecount="75" result="Passed" start-time="2026-02-10 13:58:54Z" end-time="2026-02-10 13:58:54Z" duration="0.076610" total="75" passed="75" failed="0" inconclusive="0" skipped="0" asserts="0">
        <properties />
        <test-suite type="TestSuite" id="1083" name="Tests" fullname="LoveAlgo.Tests" runstate="Runnable" testcasecount="75" result="Passed" start-time="2026-02-10 13:58:54Z" end-time="2026-02-10 13:58:54Z" duration="0.074285" total="75" passed="75" failed="0" inconclusive="0" skipped="0" asserts="0">
          <properties />
          <test-suite type="TestFixture" id="1001" name="GameStateConditionTests" fullname="LoveAlgo.Tests.GameStateConditionTests" classname="LoveAlgo.Tests.GameStateConditionTests" runstate="Runnable" testcasecount="16" result="Passed" start-time="2026-02-10 13:58:54Z" end-time="2026-02-10 13:58:54Z" duration="0.020504" total="16" passed="16" failed="0" inconclusive="0" skipped="0" asserts="0">
            <properties />
            <test-case id="1016" name="EvaluateCondition_EmptyString_ReturnsTrue" fullname="LoveAlgo.Tests.GameStateConditionTests.EvaluateCondition_EmptyString_ReturnsTrue" methodname="EvaluateCondition_EmptyString_ReturnsTrue" classname="LoveAlgo.Tests.GameStateConditionTests" runstate="Runnable" seed="1695252544" result="Passed" start-time="2026-02-10 13:58:54Z" end-time="2026-02-10 13:58:54Z" duration="0.001294" asserts="0">
              <properties>
                <property name="retryIteration" value="0" />
                <property name="repeatIteration" value="0" />
              </properties>
              <output><![CDATA[[GameState] Flag Met_Roa = True
[GameState] Flag Confessed = False
]]></output>
            </test-case>
            <test-case id="1013" name="EvaluateCondition_FatigueLessThan_Pass" fullname="LoveAlgo.Tests.GameStateConditionTests.EvaluateCondition_FatigueLessThan_Pass" methodname="EvaluateCondition_FatigueLessThan_Pass" classname="LoveAlgo.Tests.GameStateConditionTests" runstate="Runnable" seed="1065652493" result="Passed" start-time="2026-02-10 13:58:54Z" end-time="2026-02-10 13:58:54Z" duration="0.000930" asserts="0">
              <properties>
                <property name="retryIteration" value="0" />
                <property name="repeatIteration" value="0" />
              </properties>
              <output><![CDATA[[GameState] Flag Met_Roa = True
[GameState] Flag Confessed = False
]]></output>
            </test-case>
            <test-case id="1003" name="EvaluateCondition_FlagFalse_ReturnsFalse" fullname="LoveAlgo.Tests.GameStateConditionTests.EvaluateCondition_FlagFalse_ReturnsFalse" methodname="EvaluateCondition_FlagFalse_ReturnsFalse" classname="LoveAlgo.Tests.GameStateConditionTests" runstate="Runnable" seed="1653602240" result="Passed" start-time="2026-02-10 13:58:54Z" end-time="2026-02-10 13:58:54Z" duration="0.000883" asserts="0">
              <properties>
                <property name="retryIteration" value="0" />
                <property name="repeatIteration" value="0" />
              </properties>
              <output><![CDATA[[GameState] Flag Met_Roa = True
[GameState] Flag Confessed = False
]]></output>
            </test-case>
            <test-case id="1002" name="EvaluateCondition_FlagTrue_ReturnsTrue" fullname="LoveAlgo.Tests.GameStateConditionTests.EvaluateCondition_FlagTrue_ReturnsTrue" methodname="EvaluateCondition_FlagTrue_ReturnsTrue" classname="LoveAlgo.Tests.GameStateConditionTests" runstate="Runnable" seed="1050256135" result="Passed" start-time="2026-02-10 13:58:54Z" end-time="2026-02-10 13:58:54Z" duration="0.000840" asserts="0">
              <properties>
                <property name="retryIteration" value="0" />
                <property name="repeatIteration" value="0" />
              </properties>
              <output><![CDATA[[GameState] Flag Met_Roa = True
[GameState] Flag Confessed = False
]]></output>
            </test-case>
            <test-case id="1017" name="EvaluateCondition_InvalidFormat_ReturnsFalse" fullname="LoveAlgo.Tests.GameStateConditionTests.EvaluateCondition_InvalidFormat_ReturnsFalse" methodname="EvaluateCondition_InvalidFormat_ReturnsFalse" classname="LoveAlgo.Tests.GameStateConditionTests" runstate="Runnable" seed="976938700" result="Passed" start-time="2026-02-10 13:58:54Z" end-time="2026-02-10 13:58:54Z" duration="0.000846" asserts="0">
              <properties>
                <property name="retryIteration" value="0" />
                <property name="repeatIteration" value="0" />
              </properties>
              <output><![CDATA[[GameState] Flag Met_Roa = True
[GameState] Flag Confessed = False
]]></output>
            </test-case>
            <test-case id="1009" name="EvaluateCondition_LoveEquals_Pass" fullname="LoveAlgo.Tests.GameStateConditionTests.EvaluateCondition_LoveEquals_Pass" methodname="EvaluateCondition_LoveEquals_Pass" classname="LoveAlgo.Tests.GameStateConditionTests" runstate="Runnable" seed="2017442372" result="Passed" start-time="2026-02-10 13:58:54Z" end-time="2026-02-10 13:58:54Z" duration="0.000893" asserts="0">
              <properties>
                <property name="retryIteration" value="0" />
                <property name="repeatIteration" value="0" />
              </properties>
              <output><![CDATA[[GameState] Flag Met_Roa = True
[GameState] Flag Confessed = False
]]></output>
            </test-case>
            <test-case id="1007" name="EvaluateCondition_LoveGreaterOrEqual_Fail" fullname="LoveAlgo.Tests.GameStateConditionTests.EvaluateCondition_LoveGreaterOrEqual_Fail" methodname="EvaluateCondition_LoveGreaterOrEqual_Fail" classname="LoveAlgo.Tests.GameStateConditionTests" runstate="Runnable" seed="73889969" result="Passed" start-time="2026-02-10 13:58:54Z" end-time="2026-02-10 13:58:54Z" duration="0.000836" asserts="0">
              <properties>
                <property name="retryIteration" value="0" />
                <property name="repeatIteration" value="0" />
              </properties>
              <output><![CDATA[[GameState] Flag Met_Roa = True
[GameState] Flag Confessed = False
]]></output>
            </test-case>
            <test-case id="1006" name="EvaluateCondition_LoveGreaterOrEqual_Pass" fullname="LoveAlgo.Tests.GameStateConditionTests.EvaluateCondition_LoveGreaterOrEqual_Pass" methodname="EvaluateCondition_LoveGreaterOrEqual_Pass" classname="LoveAlgo.Tests.GameStateConditionTests" runstate="Runnable" seed="627227997" result="Passed" start-time="2026-02-10 13:58:54Z" end-time="2026-02-10 13:58:54Z" duration="0.000857" asserts="0">
              <properties>
                <property name="retryIteration" value="0" />
                <property name="repeatIteration" value="0" />
              </properties>
              <output><![CDATA[[GameState] Flag Met_Roa = True
[GameState] Flag Confessed = False
]]></output>
            </test-case>
            <test-case id="1008" name="EvaluateCondition_LoveLessThan_Pass" fullname="LoveAlgo.Tests.GameStateConditionTests.EvaluateCondition_LoveLessThan_Pass" methodname="EvaluateCondition_LoveLessThan_Pass" classname="LoveAlgo.Tests.GameStateConditionTests" runstate="Runnable" seed="911039742" result="Passed" start-time="2026-02-10 13:58:54Z" end-time="2026-02-10 13:58:54Z" duration="0.000797" asserts="0">
              <properties>
                <property name="retryIteration" value="0" />
                <property name="repeatIteration" value="0" />
              </properties>
              <output><![CDATA[[GameState] Flag Met_Roa = True
[GameState] Flag Confessed = False
]]></output>
            </test-case>
            <test-case id="1004" name="EvaluateCondition_NotFlag_ReturnsOpposite" fullname="LoveAlgo.Tests.GameStateConditionTests.EvaluateCondition_NotFlag_ReturnsOpposite" methodname="EvaluateCondition_NotFlag_ReturnsOpposite" classname="LoveAlgo.Tests.GameStateConditionTests" runstate="Runnable" seed="484752062" result="Passed" start-time="2026-02-10 13:58:54Z" end-time="2026-02-10 13:58:54Z" duration="0.000792" asserts="0">
              <properties>
                <property name="retryIteration" value="0" />
                <property name="repeatIteration" value="0" />
              </properties>
              <output><![CDATA[[GameState] Flag Met_Roa = True
[GameState] Flag Confessed = False
]]></output>
            </test-case>
            <test-case id="1012" name="EvaluateCondition_StatDirect_Pass" fullname="LoveAlgo.Tests.GameStateConditionTests.EvaluateCondition_StatDirect_Pass" methodname="EvaluateCondition_StatDirect_Pass" classname="LoveAlgo.Tests.GameStateConditionTests" runstate="Runnable" seed="1522206034" result="Passed" start-time="2026-02-10 13:58:54Z" end-time="2026-02-10 13:58:54Z" duration="0.000959" asserts="0">
              <properties>
                <property name="retryIteration" value="0" />
                <property name="repeatIteration" value="0" />
              </properties>
              <output><![CDATA[[GameState] Flag Met_Roa = True
[GameState] Flag Confessed = False
]]></output>
            </test-case>
            <test-case id="1014" name="EvaluateCondition_StatLessOrEqual_Pass" fullname="LoveAlgo.Tests.GameStateConditionTests.EvaluateCondition_StatLessOrEqual_Pass" methodname="EvaluateCondition_StatLessOrEqual_Pass" classname="LoveAlgo.Tests.GameStateConditionTests" runstate="Runnable" seed="1358679266" result="Passed" start-time="2026-02-10 13:58:54Z" end-time="2026-02-10 13:58:54Z" duration="0.000810" asserts="0">
              <properties>
                <property name="retryIteration" value="0" />
                <property name="repeatIteration" value="0" />
              </properties>
              <output><![CDATA[[GameState] Flag Met_Roa = True
[GameState] Flag Confessed = False
]]></output>
            </test-case>
            <test-case id="1011" name="EvaluateCondition_StatWithPrefix_Pass" fullname="LoveAlgo.Tests.GameStateConditionTests.EvaluateCondition_StatWithPrefix_Pass" methodname="EvaluateCondition_StatWithPrefix_Pass" classname="LoveAlgo.Tests.GameStateConditionTests" runstate="Runnable" seed="1504543070" result="Passed" start-time="2026-02-10 13:58:54Z" end-time="2026-02-10 13:58:54Z" duration="0.000992" asserts="0">
              <properties>
                <property name="retryIteration" value="0" />
                <property name="repeatIteration" value="0" />
              </properties>
              <output><![CDATA[[GameState] Flag Met_Roa = True
[GameState] Flag Confessed = False
]]></output>
            </test-case>
            <test-case id="1005" name="EvaluateCondition_UndefinedFlag_ReturnsFalse" fullname="LoveAlgo.Tests.GameStateConditionTests.EvaluateCondition_UndefinedFlag_ReturnsFalse" methodname="EvaluateCondition_UndefinedFlag_ReturnsFalse" classname="LoveAlgo.Tests.GameStateConditionTests" runstate="Runnable" seed="206020572" result="Passed" start-time="2026-02-10 13:58:54Z" end-time="2026-02-10 13:58:54Z" duration="0.001501" asserts="0">
              <properties>
                <property name="retryIteration" value="0" />
                <property name="repeatIteration" value="0" />
              </properties>
              <output><![CDATA[[GameState] Flag Met_Roa = True
[GameState] Flag Confessed = False
]]></output>
            </test-case>
            <test-case id="1015" name="EvaluateCondition_UnderscoreFormat_NormalizedCorrectly" fullname="LoveAlgo.Tests.GameStateConditionTests.EvaluateCondition_UnderscoreFormat_NormalizedCorrectly" methodname="EvaluateCondition_UnderscoreFormat_NormalizedCorrectly" classname="LoveAlgo.Tests.GameStateConditionTests" runstate="Runnable" seed="1796799258" result="Passed" start-time="2026-02-10 13:58:54Z" end-time="2026-02-10 13:58:54Z" duration="0.000963" asserts="0">
              <properties>
                <property name="retryIteration" value="0" />
                <property name="repeatIteration" value="0" />
              </properties>
              <output><![CDATA[[GameState] Flag Met_Roa = True
[GameState] Flag Confessed = False
]]></output>
            </test-case>
            <test-case id="1010" name="EvaluateCondition_UnknownCharacter_ReturnsZero" fullname="LoveAlgo.Tests.GameStateConditionTests.EvaluateCondition_UnknownCharacter_ReturnsZero" methodname="EvaluateCondition_UnknownCharacter_ReturnsZero" classname="LoveAlgo.Tests.GameStateConditionTests" runstate="Runnable" seed="1427380896" result="Passed" start-time="2026-02-10 13:58:54Z" end-time="2026-02-10 13:58:54Z" duration="0.000930" asserts="0">
              <properties>
                <property name="retryIteration" value="0" />
                <property name="repeatIteration" value="0" />
              </properties>
              <output><![CDATA[[GameState] Flag Met_Roa = True
[GameState] Flag Confessed = False
]]></output>
            </test-case>
          </test-suite>
          <test-suite type="TestFixture" id="1018" name="GameStateStatTests" fullname="LoveAlgo.Tests.GameStateStatTests" classname="LoveAlgo.Tests.GameStateStatTests" runstate="Runnable" testcasecount="15" result="Passed" start-time="2026-02-10 13:58:54Z" end-time="2026-02-10 13:58:54Z" duration="0.015886" total="15" passed="15" failed="0" inconclusive="0" skipped="0" asserts="0">
            <properties />
            <test-case id="1029" name="AddLove_Accumulates" fullname="LoveAlgo.Tests.GameStateStatTests.AddLove_Accumulates" methodname="AddLove_Accumulates" classname="LoveAlgo.Tests.GameStateStatTests" runstate="Runnable" seed="900686084" result="Passed" start-time="2026-02-10 13:58:54Z" end-time="2026-02-10 13:58:54Z" duration="0.001749" asserts="0">
              <properties>
                <property name="retryIteration" value="0" />
                <property name="repeatIteration" value="0" />
              </properties>
              <output><![CDATA[[GameState] Love Roa += 10 (현재: 10)
[GameState] Love Roa += 5 (현재: 15)
]]></output>
            </test-case>
            <test-case id="1026" name="AddStat_NegativeOverflow_ClampedToZero" fullname="LoveAlgo.Tests.GameStateStatTests.AddStat_NegativeOverflow_ClampedToZero" methodname="AddStat_NegativeOverflow_ClampedToZero" classname="LoveAlgo.Tests.GameStateStatTests" runstate="Runnable" seed="1190019651" result="Passed" start-time="2026-02-10 13:58:54Z" end-time="2026-02-10 13:58:54Z" duration="0.000743" asserts="0">
              <properties>
                <property name="retryIteration" value="0" />
                <property name="repeatIteration" value="0" />
              </properties>
              <output><![CDATA[[GameState] Stat Per += -30
]]></output>
            </test-case>
            <test-case id="1027" name="AddStat_NormalAddition_Works" fullname="LoveAlgo.Tests.GameStateStatTests.AddStat_NormalAddition_Works" methodname="AddStat_NormalAddition_Works" classname="LoveAlgo.Tests.GameStateStatTests" runstate="Runnable" seed="1080790362" result="Passed" start-time="2026-02-10 13:58:54Z" end-time="2026-02-10 13:58:54Z" duration="0.000695" asserts="0">
              <properties>
                <property name="retryIteration" value="0" />
                <property name="repeatIteration" value="0" />
              </properties>
              <output><![CDATA[[GameState] Stat Fatigue += 15
]]></output>
            </test-case>
            <test-case id="1025" name="AddStat_Overflow_ClampedToMax" fullname="LoveAlgo.Tests.GameStateStatTests.AddStat_Overflow_ClampedToMax" methodname="AddStat_Overflow_ClampedToMax" classname="LoveAlgo.Tests.GameStateStatTests" runstate="Runnable" seed="1174776732" result="Passed" start-time="2026-02-10 13:58:54Z" end-time="2026-02-10 13:58:54Z" duration="0.000646" asserts="0">
              <properties>
                <property name="retryIteration" value="0" />
                <property name="repeatIteration" value="0" />
              </properties>
              <output><![CDATA[[GameState] Stat Soc += 50
]]></output>
            </test-case>
            <test-case id="1031" name="Flag_DefaultFalse" fullname="LoveAlgo.Tests.GameStateStatTests.Flag_DefaultFalse" methodname="Flag_DefaultFalse" classname="LoveAlgo.Tests.GameStateStatTests" runstate="Runnable" seed="447291029" result="Passed" start-time="2026-02-10 13:58:54Z" end-time="2026-02-10 13:58:54Z" duration="0.000132" asserts="0">
              <properties>
                <property name="retryIteration" value="0" />
                <property name="repeatIteration" value="0" />
              </properties>
            </test-case>
            <test-case id="1021" name="GetStat_CaseInsensitive" fullname="LoveAlgo.Tests.GameStateStatTests.GetStat_CaseInsensitive" methodname="GetStat_CaseInsensitive" classname="LoveAlgo.Tests.GameStateStatTests" runstate="Runnable" seed="825252" result="Passed" start-time="2026-02-10 13:58:54Z" end-time="2026-02-10 13:58:54Z" duration="0.000121" asserts="0">
              <properties>
                <property name="retryIteration" value="0" />
                <property name="repeatIteration" value="0" />
              </properties>
            </test-case>
            <test-case id="1019" name="GetStat_Default_ReturnsZero" fullname="LoveAlgo.Tests.GameStateStatTests.GetStat_Default_ReturnsZero" methodname="GetStat_Default_ReturnsZero" classname="LoveAlgo.Tests.GameStateStatTests" runstate="Runnable" seed="1002959416" result="Passed" start-time="2026-02-10 13:58:54Z" end-time="2026-02-10 13:58:54Z" duration="0.000113" asserts="0">
              <properties>
                <property name="retryIteration" value="0" />
                <property name="repeatIteration" value="0" />
              </properties>
            </test-case>
            <test-case id="1022" name="GetStat_UnknownStat_ReturnsZero" fullname="LoveAlgo.Tests.GameStateStatTests.GetStat_UnknownStat_ReturnsZero" methodname="GetStat_UnknownStat_ReturnsZero" classname="LoveAlgo.Tests.GameStateStatTests" runstate="Runnable" seed="1045816950" result="Passed" start-time="2026-02-10 13:58:54Z" end-time="2026-02-10 13:58:54Z" duration="0.000105" asserts="0">
              <properties>
                <property name="retryIteration" value="0" />
                <property name="repeatIteration" value="0" />
              </properties>
            </test-case>
            <test-case id="1028" name="LovePoints_DefaultZero" fullname="LoveAlgo.Tests.GameStateStatTests.LovePoints_DefaultZero" methodname="LovePoints_DefaultZero" classname="LoveAlgo.Tests.GameStateStatTests" runstate="Runnable" seed="1934429080" result="Passed" start-time="2026-02-10 13:58:54Z" end-time="2026-02-10 13:58:54Z" duration="0.000110" asserts="0">
              <properties>
                <property name="retryIteration" value="0" />
                <property name="repeatIteration" value="0" />
              </properties>
            </test-case>
            <test-case id="1033" name="ResetAll_ClearsEverything" fullname="LoveAlgo.Tests.GameStateStatTests.ResetAll_ClearsEverything" methodname="ResetAll_ClearsEverything" classname="LoveAlgo.Tests.GameStateStatTests" runstate="Runnable" seed="1405100328" result="Passed" start-time="2026-02-10 13:58:54Z" end-time="2026-02-10 13:58:54Z" duration="0.001409" asserts="0">
              <properties>
                <property name="retryIteration" value="0" />
                <property name="repeatIteration" value="0" />
              </properties>
              <output><![CDATA[[GameState] Love Roa += 30 (현재: 30)
[GameState] Flag Met_Roa = True
]]></output>
            </test-case>
            <test-case id="1032" name="SetFlag_ThenGetFlag" fullname="LoveAlgo.Tests.GameStateStatTests.SetFlag_ThenGetFlag" methodname="SetFlag_ThenGetFlag" classname="LoveAlgo.Tests.GameStateStatTests" runstate="Runnable" seed="172937448" result="Passed" start-time="2026-02-10 13:58:54Z" end-time="2026-02-10 13:58:54Z" duration="0.001775" asserts="0">
              <properties>
                <property name="retryIteration" value="0" />
                <property name="repeatIteration" value="0" />
              </properties>
              <output><![CDATA[[GameState] Flag Met_Roa = True
[GameState] Flag Met_Roa = False
]]></output>
            </test-case>
            <test-case id="1030" name="SetLove_Overwrites" fullname="LoveAlgo.Tests.GameStateStatTests.SetLove_Overwrites" methodname="SetLove_Overwrites" classname="LoveAlgo.Tests.GameStateStatTests" runstate="Runnable" seed="14459489" result="Passed" start-time="2026-02-10 13:58:54Z" end-time="2026-02-10 13:58:54Z" duration="0.000622" asserts="0">
              <properties>
                <property name="retryIteration" value="0" />
                <property name="repeatIteration" value="0" />
              </properties>
              <output><![CDATA[[GameState] Love Daeun += 20 (현재: 20)
]]></output>
            </test-case>
            <test-case id="1023" name="SetStat_AboveMax_ClampedToMax" fullname="LoveAlgo.Tests.GameStateStatTests.SetStat_AboveMax_ClampedToMax" methodname="SetStat_AboveMax_ClampedToMax" classname="LoveAlgo.Tests.GameStateStatTests" runstate="Runnable" seed="1480238649" result="Passed" start-time="2026-02-10 13:58:54Z" end-time="2026-02-10 13:58:54Z" duration="0.000127" asserts="0">
              <properties>
                <property name="retryIteration" value="0" />
                <property name="repeatIteration" value="0" />
              </properties>
            </test-case>
            <test-case id="1024" name="SetStat_BelowZero_ClampedToZero" fullname="LoveAlgo.Tests.GameStateStatTests.SetStat_BelowZero_ClampedToZero" methodname="SetStat_BelowZero_ClampedToZero" classname="LoveAlgo.Tests.GameStateStatTests" runstate="Runnable" seed="1481035001" result="Passed" start-time="2026-02-10 13:58:54Z" end-time="2026-02-10 13:58:54Z" duration="0.000107" asserts="0">
              <properties>
                <property name="retryIteration" value="0" />
                <property name="repeatIteration" value="0" />
              </properties>
            </test-case>
            <test-case id="1020" name="SetStat_ThenGetStat_ReturnsValue" fullname="LoveAlgo.Tests.GameStateStatTests.SetStat_ThenGetStat_ReturnsValue" methodname="SetStat_ThenGetStat_ReturnsValue" classname="LoveAlgo.Tests.GameStateStatTests" runstate="Runnable" seed="827489641" result="Passed" start-time="2026-02-10 13:58:54Z" end-time="2026-02-10 13:58:54Z" duration="0.000103" asserts="0">
              <properties>
                <property name="retryIteration" value="0" />
                <property name="repeatIteration" value="0" />
              </properties>
            </test-case>
          </test-suite>
          <test-suite type="TestFixture" id="1034" name="NameValidatorTests" fullname="LoveAlgo.Tests.NameValidatorTests" classname="LoveAlgo.Tests.NameValidatorTests" runstate="Runnable" testcasecount="15" result="Passed" start-time="2026-02-10 13:58:54Z" end-time="2026-02-10 13:58:54Z" duration="0.008153" total="15" passed="15" failed="0" inconclusive="0" skipped="0" asserts="0">
            <properties />
            <test-case id="1049" name="GetErrorMessage_HasMessage_NotEmpty" fullname="LoveAlgo.Tests.NameValidatorTests.GetErrorMessage_HasMessage_NotEmpty" methodname="GetErrorMessage_HasMessage_NotEmpty" classname="LoveAlgo.Tests.NameValidatorTests" runstate="Runnable" seed="1300574075" result="Passed" start-time="2026-02-10 13:58:54Z" end-time="2026-02-10 13:58:54Z" duration="0.000072" asserts="0">
              <properties>
                <property name="retryIteration" value="0" />
                <property name="repeatIteration" value="0" />
              </properties>
            </test-case>
            <test-case id="1048" name="GetErrorMessage_Valid_ReturnsEmpty" fullname="LoveAlgo.Tests.NameValidatorTests.GetErrorMessage_Valid_ReturnsEmpty" methodname="GetErrorMessage_Valid_ReturnsEmpty" classname="LoveAlgo.Tests.NameValidatorTests" runstate="Runnable" seed="395714898" result="Passed" start-time="2026-02-10 13:58:54Z" end-time="2026-02-10 13:58:54Z" duration="0.000025" asserts="0">
              <properties>
                <property name="retryIteration" value="0" />
                <property name="repeatIteration" value="0" />
              </properties>
            </test-case>
            <test-case id="1047" name="IsValid_ReturnsBoolean" fullname="LoveAlgo.Tests.NameValidatorTests.IsValid_ReturnsBoolean" methodname="IsValid_ReturnsBoolean" classname="LoveAlgo.Tests.NameValidatorTests" runstate="Runnable" seed="437468713" result="Passed" start-time="2026-02-10 13:58:54Z" end-time="2026-02-10 13:58:54Z" duration="0.000154" asserts="0">
              <properties>
                <property name="retryIteration" value="0" />
                <property name="repeatIteration" value="0" />
              </properties>
            </test-case>
            <test-case id="1039" name="Validate_EmptyString_ReturnsEmpty" fullname="LoveAlgo.Tests.NameValidatorTests.Validate_EmptyString_ReturnsEmpty" methodname="Validate_EmptyString_ReturnsEmpty" classname="LoveAlgo.Tests.NameValidatorTests" runstate="Runnable" seed="1768035446" result="Passed" start-time="2026-02-10 13:58:54Z" end-time="2026-02-10 13:58:54Z" duration="0.000032" asserts="0">
              <properties>
                <property name="retryIteration" value="0" />
                <property name="repeatIteration" value="0" />
              </properties>
            </test-case>
            <test-case id="1045" name="Validate_EnglishMaxLength_IsValid" fullname="LoveAlgo.Tests.NameValidatorTests.Validate_EnglishMaxLength_IsValid" methodname="Validate_EnglishMaxLength_IsValid" classname="LoveAlgo.Tests.NameValidatorTests" runstate="Runnable" seed="1510392287" result="Passed" start-time="2026-02-10 13:58:54Z" end-time="2026-02-10 13:58:54Z" duration="0.000146" asserts="0">
              <properties>
                <property name="retryIteration" value="0" />
                <property name="repeatIteration" value="0" />
              </properties>
            </test-case>
            <test-case id="1036" name="Validate_EnglishName_Valid" fullname="LoveAlgo.Tests.NameValidatorTests.Validate_EnglishName_Valid" methodname="Validate_EnglishName_Valid" classname="LoveAlgo.Tests.NameValidatorTests" runstate="Runnable" seed="92761746" result="Passed" start-time="2026-02-10 13:58:54Z" end-time="2026-02-10 13:58:54Z" duration="0.000262" asserts="0">
              <properties>
                <property name="retryIteration" value="0" />
                <property name="repeatIteration" value="0" />
              </properties>
            </test-case>
            <test-case id="1043" name="Validate_EnglishTooLong_ReturnsTooLong" fullname="LoveAlgo.Tests.NameValidatorTests.Validate_EnglishTooLong_ReturnsTooLong" methodname="Validate_EnglishTooLong_ReturnsTooLong" classname="LoveAlgo.Tests.NameValidatorTests" runstate="Runnable" seed="1400897264" result="Passed" start-time="2026-02-10 13:58:54Z" end-time="2026-02-10 13:58:54Z" duration="0.000022" asserts="0">
              <properties>
                <property name="retryIteration" value="0" />
                <property name="repeatIteration" value="0" />
              </properties>
            </test-case>
            <test-case id="1044" name="Validate_KoreanMaxLength_IsValid" fullname="LoveAlgo.Tests.NameValidatorTests.Validate_KoreanMaxLength_IsValid" methodname="Validate_KoreanMaxLength_IsValid" classname="LoveAlgo.Tests.NameValidatorTests" runstate="Runnable" seed="245754259" result="Passed" start-time="2026-02-10 13:58:54Z" end-time="2026-02-10 13:58:54Z" duration="0.000136" asserts="0">
              <properties>
                <property name="retryIteration" value="0" />
                <property name="repeatIteration" value="0" />
              </properties>
            </test-case>
            <test-case id="1035" name="Validate_KoreanName_Valid" fullname="LoveAlgo.Tests.NameValidatorTests.Validate_KoreanName_Valid" methodname="Validate_KoreanName_Valid" classname="LoveAlgo.Tests.NameValidatorTests" runstate="Runnable" seed="1220039216" result="Passed" start-time="2026-02-10 13:58:54Z" end-time="2026-02-10 13:58:54Z" duration="0.000259" asserts="0">
              <properties>
                <property name="retryIteration" value="0" />
                <property name="repeatIteration" value="0" />
              </properties>
            </test-case>
            <test-case id="1042" name="Validate_KoreanTooLong_ReturnsTooLong" fullname="LoveAlgo.Tests.NameValidatorTests.Validate_KoreanTooLong_ReturnsTooLong" methodname="Validate_KoreanTooLong_ReturnsTooLong" classname="LoveAlgo.Tests.NameValidatorTests" runstate="Runnable" seed="1570476781" result="Passed" start-time="2026-02-10 13:58:54Z" end-time="2026-02-10 13:58:54Z" duration="0.000025" asserts="0">
              <properties>
                <property name="retryIteration" value="0" />
                <property name="repeatIteration" value="0" />
              </properties>
            </test-case>
            <test-case id="1037" name="Validate_MixedName_Valid" fullname="LoveAlgo.Tests.NameValidatorTests.Validate_MixedName_Valid" methodname="Validate_MixedName_Valid" classname="LoveAlgo.Tests.NameValidatorTests" runstate="Runnable" seed="1712676599" result="Passed" start-time="2026-02-10 13:58:54Z" end-time="2026-02-10 13:58:54Z" duration="0.000152" asserts="0">
              <properties>
                <property name="retryIteration" value="0" />
                <property name="repeatIteration" value="0" />
              </properties>
            </test-case>
            <test-case id="1038" name="Validate_Null_ReturnsEmpty" fullname="LoveAlgo.Tests.NameValidatorTests.Validate_Null_ReturnsEmpty" methodname="Validate_Null_ReturnsEmpty" classname="LoveAlgo.Tests.NameValidatorTests" runstate="Runnable" seed="53899533" result="Passed" start-time="2026-02-10 13:58:54Z" end-time="2026-02-10 13:58:54Z" duration="0.000024" asserts="0">
              <properties>
                <property name="retryIteration" value="0" />
                <property name="repeatIteration" value="0" />
              </properties>
            </test-case>
            <test-case id="1041" name="Validate_SingleChar_TooShort" fullname="LoveAlgo.Tests.NameValidatorTests.Validate_SingleChar_TooShort" methodname="Validate_SingleChar_TooShort" classname="LoveAlgo.Tests.NameValidatorTests" runstate="Runnable" seed="1560174063" result="Passed" start-time="2026-02-10 13:58:54Z" end-time="2026-02-10 13:58:54Z" duration="0.000025" asserts="0">
              <properties>
                <property name="retryIteration" value="0" />
                <property name="repeatIteration" value="0" />
              </properties>
            </test-case>
            <test-case id="1046" name="Validate_SpecialChars_ReturnsInvalidCharacter" fullname="LoveAlgo.Tests.NameValidatorTests.Validate_SpecialChars_ReturnsInvalidCharacter" methodname="Validate_SpecialChars_ReturnsInvalidCharacter" classname="LoveAlgo.Tests.NameValidatorTests" runstate="Runnable" seed="263787008" result="Passed" start-time="2026-02-10 13:58:54Z" end-time="2026-02-10 13:58:54Z" duration="0.000032" asserts="0">
              <properties>
                <property name="retryIteration" value="0" />
                <property name="repeatIteration" value="0" />
              </properties>
            </test-case>
            <test-case id="1040" name="Validate_Whitespace_ReturnsEmpty" fullname="LoveAlgo.Tests.NameValidatorTests.Validate_Whitespace_ReturnsEmpty" methodname="Validate_Whitespace_ReturnsEmpty" classname="LoveAlgo.Tests.NameValidatorTests" runstate="Runnable" seed="1327171716" result="Passed" start-time="2026-02-10 13:58:54Z" end-time="2026-02-10 13:58:54Z" duration="0.000019" asserts="0">
              <properties>
                <property name="retryIteration" value="0" />
                <property name="repeatIteration" value="0" />
              </properties>
            </test-case>
          </test-suite>
          <test-suite type="TestFixture" id="1050" name="SaveManagerTests" fullname="LoveAlgo.Tests.SaveManagerTests" classname="LoveAlgo.Tests.SaveManagerTests" runstate="Runnable" testcasecount="10" result="Passed" start-time="2026-02-10 13:58:54Z" end-time="2026-02-10 13:58:54Z" duration="0.009820" total="10" passed="10" failed="0" inconclusive="0" skipped="0" asserts="0">
            <properties />
            <test-case id="1056" name="SaveData_AllStats_PreservedCorrectly" fullname="LoveAlgo.Tests.SaveManagerTests.SaveData_AllStats_PreservedCorrectly" methodname="SaveData_AllStats_PreservedCorrectly" classname="LoveAlgo.Tests.SaveManagerTests" runstate="Runnable" seed="332464732" result="Passed" start-time="2026-02-10 13:58:54Z" end-time="2026-02-10 13:58:54Z" duration="0.000428" asserts="0">
              <properties>
                <property name="retryIteration" value="0" />
                <property name="repeatIteration" value="0" />
              </properties>
            </test-case>
            <test-case id="1058" name="SaveData_Characters_PreservedCorrectly" fullname="LoveAlgo.Tests.SaveManagerTests.SaveData_Characters_PreservedCorrectly" methodname="SaveData_Characters_PreservedCorrectly" classname="LoveAlgo.Tests.SaveManagerTests" runstate="Runnable" seed="1048548356" result="Passed" start-time="2026-02-10 13:58:54Z" end-time="2026-02-10 13:58:54Z" duration="0.000460" asserts="0">
              <properties>
                <property name="retryIteration" value="0" />
                <property name="repeatIteration" value="0" />
              </properties>
            </test-case>
            <test-case id="1057" name="SaveData_DateTime_PreservedCorrectly" fullname="LoveAlgo.Tests.SaveManagerTests.SaveData_DateTime_PreservedCorrectly" methodname="SaveData_DateTime_PreservedCorrectly" classname="LoveAlgo.Tests.SaveManagerTests" runstate="Runnable" seed="1928675502" result="Passed" start-time="2026-02-10 13:58:54Z" end-time="2026-02-10 13:58:54Z" duration="0.000455" asserts="0">
              <properties>
                <property name="retryIteration" value="0" />
                <property name="repeatIteration" value="0" />
              </properties>
            </test-case>
            <test-case id="1052" name="SaveData_DeserializesFromJson_Correctly" fullname="LoveAlgo.Tests.SaveManagerTests.SaveData_DeserializesFromJson_Correctly" methodname="SaveData_DeserializesFromJson_Correctly" classname="LoveAlgo.Tests.SaveManagerTests" runstate="Runnable" seed="1357270278" result="Passed" start-time="2026-02-10 13:58:54Z" end-time="2026-02-10 13:58:54Z" duration="0.000462" asserts="0">
              <properties>
                <property name="retryIteration" value="0" />
                <property name="repeatIteration" value="0" />
              </properties>
            </test-case>
            <test-case id="1054" name="SaveData_EmptyDictionaries_HandleCorrectly" fullname="LoveAlgo.Tests.SaveManagerTests.SaveData_EmptyDictionaries_HandleCorrectly" methodname="SaveData_EmptyDictionaries_HandleCorrectly" classname="LoveAlgo.Tests.SaveManagerTests" runstate="Runnable" seed="223772792" result="Passed" start-time="2026-02-10 13:58:54Z" end-time="2026-02-10 13:58:54Z" duration="0.000303" asserts="0">
              <properties>
                <property name="retryIteration" value="0" />
                <property name="repeatIteration" value="0" />
              </properties>
            </test-case>
            <test-case id="1060" name="SaveData_GamePhaseEnum_SerializesAsExpected" fullname="LoveAlgo.Tests.SaveManagerTests.SaveData_GamePhaseEnum_SerializesAsExpected" methodname="SaveData_GamePhaseEnum_SerializesAsExpected" classname="LoveAlgo.Tests.SaveManagerTests" runstate="Runnable" seed="1058209887" result="Passed" start-time="2026-02-10 13:58:54Z" end-time="2026-02-10 13:58:54Z" duration="0.000467" asserts="0">
              <properties>
                <property name="retryIteration" value="0" />
                <property name="repeatIteration" value="0" />
              </properties>
            </test-case>
            <test-case id="1055" name="SaveData_KoreanText_PreservedCorrectly" fullname="LoveAlgo.Tests.SaveManagerTests.SaveData_KoreanText_PreservedCorrectly" methodname="SaveData_KoreanText_PreservedCorrectly" classname="LoveAlgo.Tests.SaveManagerTests" runstate="Runnable" seed="1606852192" result="Passed" start-time="2026-02-10 13:58:54Z" end-time="2026-02-10 13:58:54Z" duration="0.000268" asserts="0">
              <properties>
                <property name="retryIteration" value="0" />
                <property name="repeatIteration" value="0" />
              </properties>
            </test-case>
            <test-case id="1059" name="SaveData_SceneState_PreservedCorrectly" fullname="LoveAlgo.Tests.SaveManagerTests.SaveData_SceneState_PreservedCorrectly" methodname="SaveData_SceneState_PreservedCorrectly" classname="LoveAlgo.Tests.SaveManagerTests" runstate="Runnable" seed="647929089" result="Passed" start-time="2026-02-10 13:58:54Z" end-time="2026-02-10 13:58:54Z" duration="0.000272" asserts="0">
              <properties>
                <property name="retryIteration" value="0" />
                <property name="repeatIteration" value="0" />
              </properties>
            </test-case>
            <test-case id="1051" name="SaveData_SerializesToJson_Correctly" fullname="LoveAlgo.Tests.SaveManagerTests.SaveData_SerializesToJson_Correctly" methodname="SaveData_SerializesToJson_Correctly" classname="LoveAlgo.Tests.SaveManagerTests" runstate="Runnable" seed="1548401005" result="Passed" start-time="2026-02-10 13:58:54Z" end-time="2026-02-10 13:58:54Z" duration="0.000275" asserts="0">
              <properties>
                <property name="retryIteration" value="0" />
                <property name="repeatIteration" value="0" />
              </properties>
            </test-case>
            <test-case id="1053" name="SaveData_WriteAndRead_FileIntegrity" fullname="LoveAlgo.Tests.SaveManagerTests.SaveData_WriteAndRead_FileIntegrity" methodname="SaveData_WriteAndRead_FileIntegrity" classname="LoveAlgo.Tests.SaveManagerTests" runstate="Runnable" seed="366729799" result="Passed" start-time="2026-02-10 13:58:54Z" end-time="2026-02-10 13:58:54Z" duration="0.002343" asserts="0">
              <properties>
                <property name="retryIteration" value="0" />
                <property name="repeatIteration" value="0" />
              </properties>
            </test-case>
          </test-suite>
          <test-suite type="TestFixture" id="1061" name="ScriptParserTests" fullname="LoveAlgo.Tests.ScriptParserTests" classname="LoveAlgo.Tests.ScriptParserTests" runstate="Runnable" testcasecount="19" result="Passed" start-time="2026-02-10 13:58:54Z" end-time="2026-02-10 13:58:54Z" duration="0.016717" total="19" passed="19" failed="0" inconclusive="0" skipped="0" asserts="0">
            <properties />
            <test-case id="1067" name="Parse_BGLine_ParsesCorrectly" fullname="LoveAlgo.Tests.ScriptParserTests.Parse_BGLine_ParsesCorrectly" methodname="Parse_BGLine_ParsesCorrectly" classname="LoveAlgo.Tests.ScriptParserTests" runstate="Runnable" seed="776564014" result="Passed" start-time="2026-02-10 13:58:54Z" end-time="2026-02-10 13:58:54Z" duration="0.001020" asserts="0">
              <properties>
                <property name="retryIteration" value="0" />
                <property name="repeatIteration" value="0" />
              </properties>
              <output><![CDATA[[ScriptParser] 1개 라인 파싱 완료
]]></output>
            </test-case>
            <test-case id="1076" name="Parse_CGExit_ParsesCorrectly" fullname="LoveAlgo.Tests.ScriptParserTests.Parse_CGExit_ParsesCorrectly" methodname="Parse_CGExit_ParsesCorrectly" classname="LoveAlgo.Tests.ScriptParserTests" runstate="Runnable" seed="1915084908" result="Passed" start-time="2026-02-10 13:58:54Z" end-time="2026-02-10 13:58:54Z" duration="0.000663" asserts="0">
              <properties>
                <property name="retryIteration" value="0" />
                <property name="repeatIteration" value="0" />
              </properties>
              <output><![CDATA[[ScriptParser] 1개 라인 파싱 완료
]]></output>
            </test-case>
            <test-case id="1075" name="Parse_CGLine_ParsesCorrectly" fullname="LoveAlgo.Tests.ScriptParserTests.Parse_CGLine_ParsesCorrectly" methodname="Parse_CGLine_ParsesCorrectly" classname="LoveAlgo.Tests.ScriptParserTests" runstate="Runnable" seed="1612648344" result="Passed" start-time="2026-02-10 13:58:54Z" end-time="2026-02-10 13:58:54Z" duration="0.000543" asserts="0">
              <properties>
                <property name="retryIteration" value="0" />
                <property name="repeatIteration" value="0" />
              </properties>
              <output><![CDATA[[ScriptParser] 1개 라인 파싱 완료
]]></output>
            </test-case>
            <test-case id="1066" name="Parse_CharLine_ParsesCorrectly" fullname="LoveAlgo.Tests.ScriptParserTests.Parse_CharLine_ParsesCorrectly" methodname="Parse_CharLine_ParsesCorrectly" classname="LoveAlgo.Tests.ScriptParserTests" runstate="Runnable" seed="403766501" result="Passed" start-time="2026-02-10 13:58:54Z" end-time="2026-02-10 13:58:54Z" duration="0.000510" asserts="0">
              <properties>
                <property name="retryIteration" value="0" />
                <property name="repeatIteration" value="0" />
              </properties>
              <output><![CDATA[[ScriptParser] 1개 라인 파싱 완료
]]></output>
            </test-case>
            <test-case id="1069" name="Parse_ChoiceWithOptions_ParsesCorrectly" fullname="LoveAlgo.Tests.ScriptParserTests.Parse_ChoiceWithOptions_ParsesCorrectly" methodname="Parse_ChoiceWithOptions_ParsesCorrectly" classname="LoveAlgo.Tests.ScriptParserTests" runstate="Runnable" seed="382259552" result="Passed" start-time="2026-02-10 13:58:54Z" end-time="2026-02-10 13:58:54Z" duration="0.000528" asserts="0">
              <properties>
                <property name="retryIteration" value="0" />
                <property name="repeatIteration" value="0" />
              </properties>
              <output><![CDATA[[ScriptParser] 3개 라인 파싱 완료
]]></output>
            </test-case>
            <test-case id="1063" name="Parse_CommentLine_IsSkipped" fullname="LoveAlgo.Tests.ScriptParserTests.Parse_CommentLine_IsSkipped" methodname="Parse_CommentLine_IsSkipped" classname="LoveAlgo.Tests.ScriptParserTests" runstate="Runnable" seed="688371210" result="Passed" start-time="2026-02-10 13:58:54Z" end-time="2026-02-10 13:58:54Z" duration="0.000498" asserts="0">
              <properties>
                <property name="retryIteration" value="0" />
                <property name="repeatIteration" value="0" />
              </properties>
              <output><![CDATA[[ScriptParser] 1개 라인 파싱 완료
]]></output>
            </test-case>
            <test-case id="1080" name="Parse_ComplexScene_AllTypesParsed" fullname="LoveAlgo.Tests.ScriptParserTests.Parse_ComplexScene_AllTypesParsed" methodname="Parse_ComplexScene_AllTypesParsed" classname="LoveAlgo.Tests.ScriptParserTests" runstate="Runnable" seed="573684625" result="Passed" start-time="2026-02-10 13:58:54Z" end-time="2026-02-10 13:58:54Z" duration="0.000540" asserts="0">
              <properties>
                <property name="retryIteration" value="0" />
                <property name="repeatIteration" value="0" />
              </properties>
              <output><![CDATA[[ScriptParser] 8개 라인 파싱 완료
]]></output>
            </test-case>
            <test-case id="1071" name="Parse_DelayNext_ParsesCorrectly" fullname="LoveAlgo.Tests.ScriptParserTests.Parse_DelayNext_ParsesCorrectly" methodname="Parse_DelayNext_ParsesCorrectly" classname="LoveAlgo.Tests.ScriptParserTests" runstate="Runnable" seed="727695968" result="Passed" start-time="2026-02-10 13:58:54Z" end-time="2026-02-10 13:58:54Z" duration="0.000530" asserts="0">
              <properties>
                <property name="retryIteration" value="0" />
                <property name="repeatIteration" value="0" />
              </properties>
              <output><![CDATA[[ScriptParser] 1개 라인 파싱 완료
]]></output>
            </test-case>
            <test-case id="1062" name="Parse_EmptyString_ReturnsEmptyList" fullname="LoveAlgo.Tests.ScriptParserTests.Parse_EmptyString_ReturnsEmptyList" methodname="Parse_EmptyString_ReturnsEmptyList" classname="LoveAlgo.Tests.ScriptParserTests" runstate="Runnable" seed="2038452078" result="Passed" start-time="2026-02-10 13:58:54Z" end-time="2026-02-10 13:58:54Z" duration="0.000047" asserts="0">
              <properties>
                <property name="retryIteration" value="0" />
                <property name="repeatIteration" value="0" />
              </properties>
            </test-case>
            <test-case id="1068" name="Parse_FlowJump_ParsesCorrectly" fullname="LoveAlgo.Tests.ScriptParserTests.Parse_FlowJump_ParsesCorrectly" methodname="Parse_FlowJump_ParsesCorrectly" classname="LoveAlgo.Tests.ScriptParserTests" runstate="Runnable" seed="952374501" result="Passed" start-time="2026-02-10 13:58:54Z" end-time="2026-02-10 13:58:54Z" duration="0.000611" asserts="0">
              <properties>
                <property name="retryIteration" value="0" />
                <property name="repeatIteration" value="0" />
              </properties>
              <output><![CDATA[[ScriptParser] 1개 라인 파싱 완료
]]></output>
            </test-case>
            <test-case id="1079" name="Parse_FX_CamShake_ParsesCorrectly" fullname="LoveAlgo.Tests.ScriptParserTests.Parse_FX_CamShake_ParsesCorrectly" methodname="Parse_FX_CamShake_ParsesCorrectly" classname="LoveAlgo.Tests.ScriptParserTests" runstate="Runnable" seed="1114922530" result="Passed" start-time="2026-02-10 13:58:54Z" end-time="2026-02-10 13:58:54Z" duration="0.000806" asserts="0">
              <properties>
                <property name="retryIteration" value="0" />
                <property name="repeatIteration" value="0" />
              </properties>
              <output><![CDATA[[ScriptParser] 1개 라인 파싱 완료
]]></output>
            </test-case>
            <test-case id="1074" name="Parse_FXLine_ParsesCorrectly" fullname="LoveAlgo.Tests.ScriptParserTests.Parse_FXLine_ParsesCorrectly" methodname="Parse_FXLine_ParsesCorrectly" classname="LoveAlgo.Tests.ScriptParserTests" runstate="Runnable" seed="273117902" result="Passed" start-time="2026-02-10 13:58:54Z" end-time="2026-02-10 13:58:54Z" duration="0.000771" asserts="0">
              <properties>
                <property name="retryIteration" value="0" />
                <property name="repeatIteration" value="0" />
              </properties>
              <output><![CDATA[[ScriptParser] 1개 라인 파싱 완료
]]></output>
            </test-case>
            <test-case id="1064" name="Parse_HeaderLine_IsSkipped" fullname="LoveAlgo.Tests.ScriptParserTests.Parse_HeaderLine_IsSkipped" methodname="Parse_HeaderLine_IsSkipped" classname="LoveAlgo.Tests.ScriptParserTests" runstate="Runnable" seed="2125694494" result="Passed" start-time="2026-02-10 13:58:54Z" end-time="2026-02-10 13:58:54Z" duration="0.000668" asserts="0">
              <properties>
                <property name="retryIteration" value="0" />
                <property name="repeatIteration" value="0" />
              </properties>
              <output><![CDATA[[ScriptParser] 1개 라인 파싱 완료
]]></output>
            </test-case>
            <test-case id="1070" name="Parse_LineIdAnchor_ParsesCorrectly" fullname="LoveAlgo.Tests.ScriptParserTests.Parse_LineIdAnchor_ParsesCorrectly" methodname="Parse_LineIdAnchor_ParsesCorrectly" classname="LoveAlgo.Tests.ScriptParserTests" runstate="Runnable" seed="1408638526" result="Passed" start-time="2026-02-10 13:58:54Z" end-time="2026-02-10 13:58:54Z" duration="0.000513" asserts="0">
              <properties>
                <property name="retryIteration" value="0" />
                <property name="repeatIteration" value="0" />
              </properties>
              <output><![CDATA[[ScriptParser] 1개 라인 파싱 완료
]]></output>
            </test-case>
            <test-case id="1072" name="Parse_MultipleLines_ParsesAll" fullname="LoveAlgo.Tests.ScriptParserTests.Parse_MultipleLines_ParsesAll" methodname="Parse_MultipleLines_ParsesAll" classname="LoveAlgo.Tests.ScriptParserTests" runstate="Runnable" seed="478821657" result="Passed" start-time="2026-02-10 13:58:54Z" end-time="2026-02-10 13:58:54Z" duration="0.000508" asserts="0">
              <properties>
                <property name="retryIteration" value="0" />
                <property name="repeatIteration" value="0" />
              </properties>
              <output><![CDATA[[ScriptParser] 5개 라인 파싱 완료
]]></output>
            </test-case>
            <test-case id="1078" name="Parse_OverlayFadeOut_ParsesCorrectly" fullname="LoveAlgo.Tests.ScriptParserTests.Parse_OverlayFadeOut_ParsesCorrectly" methodname="Parse_OverlayFadeOut_ParsesCorrectly" classname="LoveAlgo.Tests.ScriptParserTests" runstate="Runnable" seed="743532408" result="Passed" start-time="2026-02-10 13:58:54Z" end-time="2026-02-10 13:58:54Z" duration="0.000476" asserts="0">
              <properties>
                <property name="retryIteration" value="0" />
                <property name="repeatIteration" value="0" />
              </properties>
              <output><![CDATA[[ScriptParser] 1개 라인 파싱 완료
]]></output>
            </test-case>
            <test-case id="1077" name="Parse_OverlayLine_ParsesCorrectly" fullname="LoveAlgo.Tests.ScriptParserTests.Parse_OverlayLine_ParsesCorrectly" methodname="Parse_OverlayLine_ParsesCorrectly" classname="LoveAlgo.Tests.ScriptParserTests" runstate="Runnable" seed="492772032" result="Passed" start-time="2026-02-10 13:58:54Z" end-time="2026-02-10 13:58:54Z" duration="0.000497" asserts="0">
              <properties>
                <property name="retryIteration" value="0" />
                <property name="repeatIteration" value="0" />
              </properties>
              <output><![CDATA[[ScriptParser] 1개 라인 파싱 완료
]]></output>
            </test-case>
            <test-case id="1073" name="Parse_SoundLine_ParsesCorrectly" fullname="LoveAlgo.Tests.ScriptParserTests.Parse_SoundLine_ParsesCorrectly" methodname="Parse_SoundLine_ParsesCorrectly" classname="LoveAlgo.Tests.ScriptParserTests" runstate="Runnable" seed="510853178" result="Passed" start-time="2026-02-10 13:58:54Z" end-time="2026-02-10 13:58:54Z" duration="0.000470" asserts="0">
              <properties>
                <property name="retryIteration" value="0" />
                <property name="repeatIteration" value="0" />
              </properties>
              <output><![CDATA[[ScriptParser] 1개 라인 파싱 완료
]]></output>
            </test-case>
            <test-case id="1065" name="Parse_TextLine_ParsesCorrectly" fullname="LoveAlgo.Tests.ScriptParserTests.Parse_TextLine_ParsesCorrectly" methodname="Parse_TextLine_ParsesCorrectly" classname="LoveAlgo.Tests.ScriptParserTests" runstate="Runnable" seed="1286564614" result="Passed" start-time="2026-02-10 13:58:54Z" end-time="2026-02-10 13:58:54Z" duration="0.000562" asserts="0">
              <properties>
                <property name="retryIteration" value="0" />
                <property name="repeatIteration" value="0" />
              </properties>
              <output><![CDATA[[ScriptParser] 1개 라인 파싱 완료
Saving results to: C:/Users/podola/AppData/LocalLow/DefaultCompany/LoveAlgo-unity\TestResults.xml
]]></output>
            </test-case>
          </test-suite>
        </test-suite>
      </test-suite>
    </test-suite>
  </test-suite>
</test-run>